<?xml version="1.0" encoding="UTF-8"?>
<testng-results ignored="0" total="2" passed="2" failed="0" skipped="0">
  <reporter-output>
  </reporter-output>
  <suite started-at="2023-04-25T17:06:16Z" name="Suite" finished-at="2023-04-25T17:06:29Z" duration-ms="12762">
    <groups>
    </groups>
    <test started-at="2023-04-25T17:06:16Z" name="Test" finished-at="2023-04-25T17:06:29Z" duration-ms="12762">
      <class name="TestcaseSwagLabs.LoginTestSwagLabs">
        <test-method is-config="true" signature="Reportsetup()[pri:0, instance:TestcaseSwagLabs.LoginTestSwagLabs@82ea68c]" started-at="2023-04-25T17:06:16Z" name="Reportsetup" finished-at="2023-04-25T17:06:17Z" duration-ms="658" status="PASS">
          <reporter-output>
          </reporter-output>
        </test-method> <!-- Reportsetup -->
        <test-method is-config="true" signature="setup(java.lang.reflect.Method)[pri:0, instance:TestcaseSwagLabs.LoginTestSwagLabs@82ea68c]" started-at="2023-04-25T17:06:17Z" name="setup" finished-at="2023-04-25T17:06:19Z" duration-ms="2459" status="PASS">
          <params>
            <param index="0">
              <value>
                <![CDATA[public void TestcaseSwagLabs.LoginTestSwagLabs.test1() throws com.codoid.products.exception.FilloException,java.lang.InterruptedException]]>
              </value>
            </param>
          </params>
          <reporter-output>
          </reporter-output>
        </test-method> <!-- setup -->
        <test-method signature="test1()[pri:0, instance:TestcaseSwagLabs.LoginTestSwagLabs@82ea68c]" started-at="2023-04-25T17:06:19Z" name="test1" finished-at="2023-04-25T17:06:23Z" duration-ms="3935" status="PASS">
          <reporter-output>
          </reporter-output>
        </test-method> <!-- test1 -->
        <test-method is-config="true" signature="teardown()[pri:0, instance:TestcaseSwagLabs.LoginTestSwagLabs@82ea68c]" started-at="2023-04-25T17:06:23Z" name="teardown" finished-at="2023-04-25T17:06:23Z" duration-ms="218" status="PASS">
          <reporter-output>
          </reporter-output>
        </test-method> <!-- teardown -->
        <test-method is-config="true" signature="setup(java.lang.reflect.Method)[pri:0, instance:TestcaseSwagLabs.LoginTestSwagLabs@82ea68c]" started-at="2023-04-25T17:06:23Z" name="setup" finished-at="2023-04-25T17:06:25Z" duration-ms="1883" status="PASS">
          <params>
            <param index="0">
              <value>
                <![CDATA[public void TestcaseSwagLabs.LoginTestSwagLabs.test2() throws com.codoid.products.exception.FilloException,java.lang.InterruptedException]]>
              </value>
            </param>
          </params>
          <reporter-output>
          </reporter-output>
        </test-method> <!-- setup -->
        <test-method signature="test2()[pri:0, instance:TestcaseSwagLabs.LoginTestSwagLabs@82ea68c]" started-at="2023-04-25T17:06:25Z" name="test2" finished-at="2023-04-25T17:06:29Z" duration-ms="3408" status="PASS">
          <reporter-output>
          </reporter-output>
        </test-method> <!-- test2 -->
        <test-method is-config="true" signature="teardown()[pri:0, instance:TestcaseSwagLabs.LoginTestSwagLabs@82ea68c]" started-at="2023-04-25T17:06:29Z" name="teardown" finished-at="2023-04-25T17:06:29Z" duration-ms="178" status="PASS">
          <reporter-output>
          </reporter-output>
        </test-method> <!-- teardown -->
      </class> <!-- TestcaseSwagLabs.LoginTestSwagLabs -->
    </test> <!-- Test -->
  </suite> <!-- Suite -->
</testng-results>
